{
  "RSpec": {
    "coverage": {
      "/Users/prakashsl/Documents/workspace/projects/peershap_election_rails/config/environment.rb": [
        null,
        1,
        null,
        null,
        1
      ],
      "/Users/prakashsl/Documents/workspace/projects/peershap_election_rails/config/application.rb": [
        1,
        null,
        1,
        1,
        null,
        null,
        null,
        1,
        null,
        1,
        1,
        null,
        null,
        null,
        null,
        null,
        null,
        null,
        null,
        null,
        null,
        null,
        null,
        null,
        1,
        1,
        1,
        null,
        null,
        1,
        null,
        null,
        1,
        null,
        null
      ],
      "/Users/prakashsl/Documents/workspace/projects/peershap_election_rails/config/boot.rb": [
        1,
        null,
        1
      ],
      "/Users/prakashsl/Documents/workspace/projects/peershap_election_rails/config/environments/test.rb": [
        1,
        null,
        null,
        null,
        null,
        null,
        null,
        1,
        null,
        null,
        null,
        null,
        1,
        null,
        null,
        1,
        1,
        null,
        null,
        1,
        1,
        null,
        null,
        1,
        null,
        null,
        1,
        null,
        null,
        null,
        null,
        1,
        null,
        null,
        1,
        null,
        null,
        1,
        null,
        null,
        null,
        null
      ],
      "/Users/prakashsl/Documents/workspace/projects/peershap_election_rails/config/initializers/01_config_center.rb": [
        1,
        1,
        null,
        1,
        1,
        null,
        0,
        null,
        0,
        null,
        0,
        null,
        0,
        null,
        0,
        null,
        null,
        null,
        null,
        1,
        1,
        null,
        0,
        null,
        0,
        null,
        0,
        null,
        0,
        null,
        0,
        null,
        null,
        null,
        null
      ],
      "/Users/prakashsl/Documents/workspace/projects/peershap_election_rails/config/initializers/assets.rb": [
        null,
        null,
        null,
        1,
        null,
        null,
        null,
        null,
        null,
        null,
        null
      ],
      "/Users/prakashsl/Documents/workspace/projects/peershap_election_rails/config/initializers/backtrace_silencers.rb": [
        null,
        null,
        null,
        null,
        null,
        null,
        null
      ],
      "/Users/prakashsl/Documents/workspace/projects/peershap_election_rails/config/initializers/carrier_wave.rb": [
        1,
        null,
        null,
        1,
        1,
        1,
        null,
        null,
        0,
        0,
        null,
        null,
        null,
        null,
        null,
        1,
        null,
        null,
        null,
        null,
        null,
        1,
        1,
        1,
        1,
        null
      ],
      "/Users/prakashsl/Documents/workspace/projects/peershap_election_rails/config/initializers/cookies_serializer.rb": [
        null,
        null,
        1
      ],
      "/Users/prakashsl/Documents/workspace/projects/peershap_election_rails/config/initializers/filter_parameter_logging.rb": [
        null,
        null,
        null,
        1
      ],
      "/Users/prakashsl/Documents/workspace/projects/peershap_election_rails/config/initializers/inflections.rb": [
        null,
        null,
        null,
        null,
        null,
        null,
        null,
        null,
        null,
        null,
        null,
        null,
        null,
        null,
        null,
        null
      ],
      "/Users/prakashsl/Documents/workspace/projects/peershap_election_rails/config/initializers/mime_types.rb": [
        null,
        null,
        null,
        null
      ],
      "/Users/prakashsl/Documents/workspace/projects/peershap_election_rails/config/initializers/rolify.rb": [
        1,
        null,
        null,
        null,
        null,
        null,
        null
      ],
      "/Users/prakashsl/Documents/workspace/projects/peershap_election_rails/config/initializers/session_store.rb": [
        null,
        null,
        1
      ],
      "/Users/prakashsl/Documents/workspace/projects/peershap_election_rails/config/initializers/wrap_parameters.rb": [
        null,
        null,
        null,
        null,
        null,
        null,
        1,
        1,
        null,
        null,
        null,
        null,
        null,
        null
      ],
      "/Users/prakashsl/Documents/workspace/projects/peershap_election_rails/config/routes.rb": [
        1,
        null,
        1,
        null,
        null,
        null,
        1,
        null,
        1,
        null,
        1,
        null,
        1,
        1,
        null,
        null,
        1,
        null,
        null,
        1,
        null,
        1,
        null,
        null,
        null,
        null,
        1,
        null,
        1,
        null,
        1,
        null,
        1,
        null,
        1,
        null,
        1,
        null,
        null,
        null,
        null,
        null,
        null,
        1,
        null,
        1,
        null,
        1,
        null,
        null,
        1,
        null,
        null,
        null,
        1,
        1,
        1,
        1,
        null,
        1,
        1,
        null,
        1,
        1,
        1,
        1,
        null,
        null,
        1,
        1,
        1,
        1,
        1,
        null,
        null,
        null,
        null,
        null,
        null,
        null,
        null,
        null,
        null,
        null,
        null,
        null,
        null,
        null,
        null,
        null,
        null,
        null,
        null,
        null,
        null,
        null,
        null,
        null,
        null,
        null,
        null,
        null,
        null,
        null,
        null,
        null,
        null,
        null,
        null,
        null,
        null,
        null,
        null,
        null,
        null,
        null,
        null,
        null,
        null,
        null,
        null,
        null,
        null,
        null,
        null,
        null,
        null,
        null,
        null,
        null
      ],
      "/Users/prakashsl/Documents/workspace/projects/peershap_election_rails/app/helpers/application_helper.rb": [
        1,
        null
      ],
      "/Users/prakashsl/Documents/workspace/projects/peershap_election_rails/app/helpers/feeds_helper.rb": [
        1,
        null
      ],
      "/Users/prakashsl/Documents/workspace/projects/peershap_election_rails/app/mailers/invite_mailer.rb": [
        1,
        1,
        null,
        1,
        3,
        3,
        null,
        null
      ],
      "/Users/prakashsl/Documents/workspace/projects/peershap_election_rails/app/mailers/users_mailer.rb": [
        1,
        1,
        null,
        1,
        4,
        4,
        null,
        null,
        1,
        2,
        2,
        2,
        null,
        null
      ],
      "/Users/prakashsl/Documents/workspace/projects/peershap_election_rails/app/models/campaign.rb": [
        1,
        1,
        1,
        1,
        null,
        null,
        1,
        1,
        1,
        1,
        1,
        null
      ],
      "/Users/prakashsl/Documents/workspace/projects/peershap_election_rails/app/models/feed.rb": [
        1,
        1,
        1,
        1,
        1,
        1,
        1,
        null,
        null,
        1,
        1,
        1,
        1,
        1,
        1,
        1,
        null
      ],
      "/Users/prakashsl/Documents/workspace/projects/peershap_election_rails/app/models/interest.rb": [
        1,
        1,
        1,
        null
      ],
      "/Users/prakashsl/Documents/workspace/projects/peershap_election_rails/app/models/invite.rb": [
        1,
        1,
        1,
        1,
        null
      ],
      "/Users/prakashsl/Documents/workspace/projects/peershap_election_rails/app/models/issue.rb": [
        1,
        1,
        1,
        1,
        null
      ],
      "/Users/prakashsl/Documents/workspace/projects/peershap_election_rails/app/models/pledge.rb": [
        1,
        1,
        1,
        null
      ],
      "/Users/prakashsl/Documents/workspace/projects/peershap_election_rails/app/models/role.rb": [
        1,
        1,
        null,
        1,
        null,
        null,
        1,
        null,
        null,
        null,
        1,
        null
      ],
      "/Users/prakashsl/Documents/workspace/projects/peershap_election_rails/app/models/user_issue.rb": [
        1,
        1,
        1,
        null
      ],
      "/Users/prakashsl/Documents/workspace/projects/peershap_election_rails/app/models/user.rb": [
        1,
        1,
        null,
        1,
        1,
        1,
        1,
        1,
        1,
        1,
        1,
        null,
        null,
        1,
        null,
        null,
        1,
        null,
        null,
        1,
        165,
        null,
        null,
        1,
        null,
        1,
        null,
        68,
        68,
        null,
        null,
        1,
        null,
        2,
        2,
        2,
        null,
        null,
        null
      ],
      "/Users/prakashsl/Documents/workspace/projects/peershap_election_rails/app/uploaders/avatar_uploader.rb": [
        null,
        null,
        1,
        null,
        null,
        null,
        null,
        null,
        null,
        null,
        null,
        null,
        1,
        0,
        null,
        null,
        null,
        null,
        null,
        null,
        null,
        null,
        null,
        null,
        null,
        null,
        null,
        null,
        null,
        null,
        null,
        null,
        null,
        null,
        null,
        null,
        null,
        null,
        null,
        null,
        null,
        null,
        null,
        null,
        null,
        null,
        null,
        null,
        null,
        null,
        null,
        null,
        null,
        null,
        null,
        null
      ],
      "/Users/prakashsl/Documents/workspace/projects/peershap_election_rails/app/controllers/api/v1/authentications_controller.rb": [
        1,
        1,
        1,
        1,
        null,
        1,
        3,
        3,
        2,
        2,
        2,
        1,
        null,
        null,
        null,
        1,
        null,
        null,
        1,
        null,
        null,
        1,
        null,
        1,
        2,
        null,
        null,
        null,
        null
      ],
      "/Users/prakashsl/Documents/workspace/projects/peershap_election_rails/app/controllers/application_controller.rb": [
        1,
        1,
        null,
        null,
        null,
        1,
        null,
        1,
        1,
        83,
        83,
        null,
        null,
        null,
        null
      ],
      "/Users/prakashsl/Documents/workspace/projects/peershap_election_rails/app/controllers/api/v1/campaigns_controller.rb": [
        1,
        1,
        1,
        1,
        1,
        null,
        1,
        5,
        3,
        2,
        2,
        2,
        1,
        1,
        1,
        null,
        1,
        null,
        null,
        1,
        null,
        null,
        2,
        null,
        null,
        null,
        null,
        null,
        null,
        null,
        null,
        null,
        null,
        null,
        null,
        null,
        null,
        null,
        null,
        null,
        null,
        null,
        null,
        null,
        null,
        null,
        null,
        null,
        1,
        2,
        2,
        1,
        null,
        1,
        null,
        null,
        null,
        1,
        2,
        2,
        1,
        null,
        1,
        null,
        null,
        null,
        1,
        2,
        2,
        1,
        1,
        null,
        0,
        null,
        null,
        1,
        null,
        null,
        null,
        null,
        1,
        null,
        1,
        8,
        8,
        null,
        1,
        null,
        null,
        null,
        1,
        2,
        null,
        null,
        null,
        null,
        null,
        null,
        null,
        null,
        null,
        null,
        null
      ],
      "/Users/prakashsl/Documents/workspace/projects/peershap_election_rails/app/controllers/api/v1/feeds_controller.rb": [
        1,
        null,
        1,
        1,
        null,
        1,
        4,
        3,
        3,
        2,
        2,
        2,
        2,
        1,
        null,
        1,
        null,
        null,
        1,
        null,
        null,
        1,
        null,
        null,
        null,
        1,
        4,
        4,
        3,
        3,
        2,
        2,
        1,
        null,
        1,
        null,
        null,
        1,
        null,
        null,
        1,
        null,
        null,
        null,
        1,
        2,
        2,
        1,
        null,
        1,
        null,
        null,
        null,
        1,
        2,
        2,
        1,
        1,
        1,
        null,
        1,
        1,
        1,
        null,
        null,
        null,
        1,
        3,
        3,
        3,
        3,
        3,
        2,
        2,
        1,
        null,
        1,
        null,
        null,
        1,
        null,
        null,
        0,
        null,
        null,
        null,
        1,
        null,
        1,
        9,
        9,
        null,
        1,
        null,
        null,
        null,
        1,
        2,
        2,
        2,
        2,
        null,
        2,
        null,
        null,
        1,
        2,
        null,
        null,
        null,
        null,
        null,
        null,
        null,
        null,
        null,
        null,
        null,
        null,
        null,
        null,
        null,
        null,
        null
      ],
      "/Users/prakashsl/Documents/workspace/projects/peershap_election_rails/app/controllers/api/v1/forgot_password_controller.rb": [
        1,
        1,
        1,
        1,
        null,
        null,
        1,
        4,
        4,
        2,
        2,
        2,
        2,
        null,
        2,
        null,
        null,
        null,
        1,
        2,
        2,
        2,
        1,
        1,
        1,
        1,
        null,
        0,
        null,
        null,
        0,
        null,
        null,
        null,
        1,
        null,
        1,
        1,
        null,
        null,
        1,
        3,
        null,
        null,
        null,
        null
      ],
      "/Users/prakashsl/Documents/workspace/projects/peershap_election_rails/app/controllers/api/v1/interests_controller.rb": [
        1,
        null,
        1,
        null,
        1,
        2,
        2,
        1,
        null,
        1,
        null,
        null,
        null,
        1,
        2,
        2,
        2,
        1,
        null,
        1,
        null,
        null,
        0,
        null,
        null,
        null,
        1,
        null,
        1,
        2,
        null,
        null,
        null,
        null
      ],
      "/Users/prakashsl/Documents/workspace/projects/peershap_election_rails/app/controllers/api/v1/invites_controller.rb": [
        1,
        1,
        1,
        1,
        null,
        1,
        2,
        1,
        1,
        1,
        1,
        1,
        1,
        null,
        1,
        null,
        0,
        null,
        null,
        1,
        null,
        null,
        null,
        1,
        2,
        2,
        1,
        null,
        1,
        null,
        null,
        null,
        null,
        1,
        null,
        1,
        0,
        null,
        null,
        1,
        1,
        null,
        null,
        null,
        null,
        null,
        null,
        null,
        null,
        null,
        null
      ],
      "/Users/prakashsl/Documents/workspace/projects/peershap_election_rails/app/controllers/api/v1/issues_controller.rb": [
        1,
        1,
        1,
        1,
        1,
        null,
        1,
        3,
        2,
        2,
        1,
        null,
        1,
        null,
        null,
        1,
        null,
        null,
        null,
        1,
        2,
        2,
        1,
        null,
        1,
        null,
        null,
        null,
        1,
        1,
        1,
        1,
        null,
        0,
        null,
        null,
        null,
        1,
        2,
        2,
        1,
        null,
        1,
        null,
        null,
        null,
        1,
        null,
        1,
        7,
        7,
        null,
        1,
        null,
        null,
        null,
        1,
        2,
        null,
        null,
        null,
        null,
        null,
        null
      ],
      "/Users/prakashsl/Documents/workspace/projects/peershap_election_rails/app/controllers/api/v1/pledges_controller.rb": [
        1,
        null,
        1,
        null,
        1,
        3,
        3,
        3,
        3,
        null,
        null,
        1,
        2,
        2,
        2,
        1,
        null,
        1,
        null,
        null,
        null,
        1,
        3,
        3,
        1,
        null,
        1,
        null,
        1,
        1,
        null,
        null,
        2,
        2,
        null,
        0,
        null,
        null,
        null,
        1,
        null,
        1,
        2,
        1,
        1,
        1,
        1,
        1,
        1,
        null,
        0,
        null,
        null,
        1,
        null,
        null,
        null,
        1,
        2,
        2,
        2,
        2,
        2,
        null,
        null,
        1,
        3,
        null,
        0,
        null,
        null
      ],
      "/Users/prakashsl/Documents/workspace/projects/peershap_election_rails/app/controllers/api/v1/users_controller.rb": [
        1,
        1,
        1,
        1,
        null,
        1,
        4,
        3,
        3,
        1,
        1,
        1,
        1,
        1,
        1,
        null,
        2,
        null,
        3,
        2,
        null,
        1,
        null,
        null,
        1,
        null,
        null,
        null,
        null,
        1,
        2,
        2,
        2,
        1,
        null,
        1,
        null,
        null,
        null,
        null,
        null,
        null,
        null,
        null,
        null,
        null,
        null,
        null,
        null,
        null,
        null,
        null,
        1,
        2,
        2,
        1,
        null,
        1,
        null,
        null,
        null,
        null,
        1,
        2,
        2,
        1,
        null,
        1,
        null,
        null,
        null,
        1,
        2,
        2,
        1,
        null,
        1,
        null,
        null,
        null,
        1,
        3,
        3,
        2,
        1,
        null,
        1,
        null,
        null,
        1,
        null,
        null,
        null,
        1,
        2,
        2,
        2,
        1,
        1,
        1,
        null,
        0,
        null,
        null,
        1,
        null,
        null,
        null,
        null,
        1,
        2,
        2,
        1,
        1,
        1,
        1,
        null,
        1,
        null,
        null,
        null,
        null,
        1,
        1,
        7,
        null,
        null,
        null,
        null,
        null,
        null,
        null,
        null,
        null,
        null,
        null,
        null,
        null,
        null,
        null,
        null,
        null,
        null,
        null,
        null,
        null,
        null,
        null,
        7,
        7,
        null,
        null,
        null,
        1,
        0,
        0,
        0,
        0,
        0,
        0,
        0,
        null,
        0,
        0,
        0,
        null,
        0,
        null,
        null,
        null,
        null,
        null,
        0,
        null,
        null,
        null,
        null,
        1,
        0,
        0,
        0,
        null,
        null,
        null,
        null,
        null,
        null
      ],
      "/Users/prakashsl/Documents/workspace/projects/peershap_election_rails/app/models/like.rb": [
        1,
        null
      ],
      "/Users/prakashsl/Documents/workspace/projects/peershap_election_rails/app/models/feed_json_builder.rb": [
        1,
        1,
        1,
        1,
        1,
        1,
        null,
        null,
        1,
        1,
        1,
        1,
        null,
        1,
        null,
        null,
        1,
        1,
        1,
        1,
        1,
        null,
        null
      ],
      "/Users/prakashsl/Documents/workspace/projects/peershap_election_rails/app/models/pledge_json_builder.rb": [
        1,
        1,
        3,
        3,
        3,
        3,
        3,
        null,
        null,
        1,
        3,
        3,
        3,
        3,
        null,
        null
      ]
    },
    "timestamp": 1467120129
  }
}
